Connected.
old  67:   schema_ddl('&datapath', 'BIOSYS', true);
new  67:   schema_ddl('/ora/oradata/MICEXDB', 'BIOSYS', true);
old  68:   schema_ddl('&datapath', 'BIOSYS');
new  68:   schema_ddl('/ora/oradata/MICEXDB', 'BIOSYS');

PL/SQL procedure successfully completed.


Grant succeeded.


Grant succeeded.


Grant succeeded.


Grant succeeded.


Grant succeeded.


Grant succeeded.


Grant succeeded.


Grant succeeded.


Grant succeeded.


Grant succeeded.


Grant succeeded.


Grant succeeded.


Grant succeeded.


Grant succeeded.


User altered.


Grant succeeded.


Grant succeeded.


Grant succeeded.


Grant succeeded.


Grant succeeded.


Grant succeeded.


Grant succeeded.

BEGIN DBMS_NETWORK_ACL_ADMIN.DROP_ACL(acl => 'send_mail.xml'); END;

*
ERROR at line 1:
ORA-31001: Invalid resource handle or path name "/sys/acls/send_mail.xml" 
ORA-06512: at "XDB.DBMS_XDB", line 355 
ORA-06512: at "SYS.DBMS_NETWORK_ACL_ADMIN", line 470 
ORA-06512: at line 1 



PL/SQL procedure successfully completed.


PL/SQL procedure successfully completed.


PL/SQL procedure successfully completed.


Commit complete.


Table created.


Comment created.


Comment created.


Comment created.


Comment created.


Comment created.


Comment created.


Index created.


Index created.


Table created.


Comment created.


Comment created.


Comment created.


Comment created.


Table created.


Comment created.


Comment created.


Comment created.


Comment created.


Comment created.


Comment created.


Comment created.


Comment created.


Comment created.


Comment created.


Comment created.


Table created.


Comment created.


Comment created.


Comment created.


Comment created.


Comment created.


Table created.


Comment created.


Comment created.


Comment created.


Comment created.


Comment created.


Table created.


Comment created.


Comment created.


Comment created.


Comment created.


Comment created.


Comment created.


Comment created.


Comment created.


Comment created.


Comment created.


Comment created.


Comment created.


Comment created.


Comment created.


Comment created.


Index created.


Index created.


Index created.


Table created.


Comment created.


Comment created.


Comment created.


Index created.


Index created.


Table created.


Comment created.


Comment created.


Comment created.


Comment created.


Comment created.


Comment created.


Comment created.


Comment created.


Index created.


Table created.


Comment created.


Comment created.


Comment created.


Comment created.


Comment created.


Comment created.


Comment created.


Comment created.


Comment created.


Index created.


Table created.


Comment created.


Comment created.


Comment created.


Comment created.


Comment created.


Comment created.


Comment created.


Comment created.


Comment created.


Index created.


Table created.


Comment created.


Comment created.


Comment created.


Index created.


Index created.


Table created.


Comment created.


Comment created.


Comment created.


Comment created.


Comment created.


Index created.


Table altered.


Table altered.


Table altered.


Table altered.


Table altered.


Table altered.


Table altered.


Table altered.


Table altered.


Table altered.


Table altered.


Table altered.

create views...

View created.

views created.
create packages...

Package created.


Warning: Package Body created with compilation errors.


Package created.


Package body created.


Package created.


Package body created.


Package created.


Warning: Package Body created with compilation errors.


Package created.


Package body created.


Package created.


Package body created.

packages created.
create seqs...

PL/SQL procedure successfully completed.


PL/SQL procedure successfully completed.


PL/SQL procedure successfully completed.

seqs created.
create context...

Session altered.


Context dropped.


Context created.

context created.
Компиляция схемы...

PL/SQL procedure successfully completed.

Завершено

Grant succeeded.


Grant succeeded.


Grant succeeded.


Grant succeeded.


Grant succeeded.


Grant succeeded.


Grant succeeded.

