Connected.
old  58:   schema_ddl('&datapath', 'BIOSYS', true);
new  58:   schema_ddl('/ora/oradata/MICEXDB', 'BIOSYS', true);
old  59:   schema_ddl('&datapath', 'BIOSYS');
new  59:   schema_ddl('/ora/oradata/MICEXDB', 'BIOSYS');

PL/SQL procedure successfully completed.


Grant succeeded.


Grant succeeded.


Grant succeeded.


Grant succeeded.


Grant succeeded.


Grant succeeded.


Grant succeeded.


Grant succeeded.


Grant succeeded.


Grant succeeded.


Grant succeeded.


Grant succeeded.


Grant succeeded.


Grant succeeded.


User altered.


Grant succeeded.


Grant succeeded.


Grant succeeded.


Grant succeeded.


Grant succeeded.


Grant succeeded.


PL/SQL procedure successfully completed.


PL/SQL procedure successfully completed.


PL/SQL procedure successfully completed.


PL/SQL procedure successfully completed.


Commit complete.


Table created.


Comment created.


Comment created.


Comment created.


Comment created.


Comment created.


Comment created.


Index created.


Index created.


Table created.


Comment created.


Comment created.


Comment created.


Comment created.


Table created.


Comment created.


Comment created.


Comment created.


Comment created.


Comment created.


Comment created.


Comment created.


Comment created.


Comment created.


Comment created.


Comment created.


Table created.


Comment created.


Comment created.


Comment created.


Comment created.


Comment created.


Table created.


Comment created.


Comment created.


Comment created.


Comment created.


Comment created.


Table created.


Comment created.


Comment created.


Comment created.


Comment created.


Comment created.


Comment created.


Comment created.


Comment created.


Comment created.


Comment created.


Comment created.


Comment created.


Comment created.


Comment created.


Comment created.


Index created.


Index created.


Index created.


Table created.


Comment created.


Comment created.


Comment created.


Index created.


Index created.


Table created.


Comment created.


Comment created.


Comment created.


Comment created.


Comment created.


Comment created.


Comment created.


Comment created.


Index created.


Table created.


Comment created.


Comment created.


Comment created.


Comment created.


Comment created.


Comment created.


Comment created.


Comment created.


Comment created.


Index created.


Table created.


Comment created.


Comment created.


Comment created.


Comment created.


Comment created.


Comment created.


Comment created.


Comment created.


Comment created.


Index created.


Table created.


Comment created.


Comment created.


Comment created.


Index created.


Index created.


Table created.


Comment created.


Comment created.


Comment created.


Comment created.


Comment created.


Index created.


Table altered.


Table altered.


Table altered.


Table altered.


Table altered.


Table altered.


Table altered.


Table altered.


Table altered.


Table altered.


Table altered.


Table altered.

create views...

View created.

views created.
create packages...

Package created.


Warning: Package Body created with compilation errors.


Package created.


Package body created.


Package created.


Package body created.


Package created.


Package body created.


Package created.


Package body created.


Package created.


Package body created.

packages created.
create seqs...

PL/SQL procedure successfully completed.


PL/SQL procedure successfully completed.


PL/SQL procedure successfully completed.

seqs created.
create context...

Session altered.


Context dropped.


Context created.

context created.
Компиляция схемы...

PL/SQL procedure successfully completed.

Завершено

Grant succeeded.


Grant succeeded.


Grant succeeded.


Grant succeeded.


Grant succeeded.


Grant succeeded.


Grant succeeded.

