16:34:27,571 | DEBUG | nstall-./modules | ?                                   ? | 90 - ru.bio4j.ng.bio4j-ng-module-bio - 0.1.0.SNAPSHOT | BundleEvent RESOLVED - ru.bio4j.ng.bio4j-ng-module-bio
16:34:27,574 | DEBUG | nstall-./modules | ?                                   ? | 90 - ru.bio4j.ng.bio4j-ng-module-bio - 0.1.0.SNAPSHOT | BundleEvent STARTING - ru.bio4j.ng.bio4j-ng-module-bio
16:34:27,574 | DEBUG | nstall-./modules | ?                                   ? | 90 - ru.bio4j.ng.bio4j-ng-module-bio - 0.1.0.SNAPSHOT | BundleEvent STARTED - ru.bio4j.ng.bio4j-ng-module-bio
16:34:27,577 | DEBUG | nstall-./modules | ?                                   ? | 92 - ru.bio4j.ng.bio4j-ng-module-ekb - 0.1.0.SNAPSHOT | BundleEvent RESOLVED - ru.bio4j.ng.bio4j-ng-module-ekb
16:34:27,578 | DEBUG |  pool-1-thread-1 | ?                                   ? | 90 - ru.bio4j.ng.bio4j-ng-module-bio - 0.1.0.SNAPSHOT | ServiceEvent REGISTERED - [org.apache.felix.ipojo.extender.TypeDeclaration] - ru.bio4j.ng.bio4j-ng-module-bio
16:34:27,581 | DEBUG |  pool-1-thread-1 | ?                                   ? | 90 - ru.bio4j.ng.bio4j-ng-module-bio - 0.1.0.SNAPSHOT | ServiceEvent REGISTERED - [org.apache.felix.ipojo.extender.InstanceDeclaration] - ru.bio4j.ng.bio4j-ng-module-bio
16:34:27,585 | DEBUG |  pool-1-thread-1 | ?                                   ? | 90 - ru.bio4j.ng.bio4j-ng-module-bio - 0.1.0.SNAPSHOT | ServiceEvent REGISTERED - [org.apache.felix.ipojo.Factory] - ru.bio4j.ng.bio4j-ng-module-bio
16:34:27,578 | DEBUG | nstall-./modules | ?                                   ? | 92 - ru.bio4j.ng.bio4j-ng-module-ekb - 0.1.0.SNAPSHOT | BundleEvent STARTING - ru.bio4j.ng.bio4j-ng-module-ekb
16:34:27,587 | DEBUG | nstall-./modules | ?                                   ? | 92 - ru.bio4j.ng.bio4j-ng-module-ekb - 0.1.0.SNAPSHOT | BundleEvent STARTED - ru.bio4j.ng.bio4j-ng-module-ekb
16:34:27,587 | DEBUG |  pool-1-thread-1 | ?                                   ? | 90 - ru.bio4j.ng.bio4j-ng-module-bio - 0.1.0.SNAPSHOT | ServiceEvent REGISTERED - [org.apache.felix.ipojo.architecture.Architecture] - ru.bio4j.ng.bio4j-ng-module-bio
16:34:27,591 | DEBUG |  pool-1-thread-1 | ?                                   ? | 90 - ru.bio4j.ng.bio4j-ng-module-bio - 0.1.0.SNAPSHOT | ServiceEvent REGISTERED - [ru.bio4j.ng.service.api.BioModule] - ru.bio4j.ng.bio4j-ng-module-bio
16:34:27,594 | DEBUG |  pool-1-thread-1 | ?                                   ? | 92 - ru.bio4j.ng.bio4j-ng-module-ekb - 0.1.0.SNAPSHOT | ServiceEvent REGISTERED - [org.apache.felix.ipojo.extender.TypeDeclaration] - ru.bio4j.ng.bio4j-ng-module-ekb
16:34:27,595 | DEBUG |  pool-1-thread-1 | ?                                   ? | 92 - ru.bio4j.ng.bio4j-ng-module-ekb - 0.1.0.SNAPSHOT | ServiceEvent REGISTERED - [org.apache.felix.ipojo.extender.InstanceDeclaration] - ru.bio4j.ng.bio4j-ng-module-ekb
16:34:27,601 | DEBUG |  pool-1-thread-1 | ?                                   ? | 92 - ru.bio4j.ng.bio4j-ng-module-ekb - 0.1.0.SNAPSHOT | ServiceEvent REGISTERED - [org.apache.felix.ipojo.Factory] - ru.bio4j.ng.bio4j-ng-module-ekb
16:34:27,604 | DEBUG |  pool-1-thread-1 | ?                                   ? | 92 - ru.bio4j.ng.bio4j-ng-module-ekb - 0.1.0.SNAPSHOT | ServiceEvent REGISTERED - [org.apache.felix.ipojo.architecture.Architecture] - ru.bio4j.ng.bio4j-ng-module-ekb
16:34:27,607 | DEBUG |  pool-1-thread-1 | dule.ekb.impl.EkbApplicationImpl   52 | 92 - ru.bio4j.ng.bio4j-ng-module-ekb - 0.1.0.SNAPSHOT | Starting...
16:34:27,608 | DEBUG |  pool-1-thread-1 | dule.ekb.impl.EkbApplicationImpl   54 | 92 - ru.bio4j.ng.bio4j-ng-module-ekb - 0.1.0.SNAPSHOT | Started
16:34:27,609 | DEBUG |  pool-1-thread-1 | ?                                   ? | 92 - ru.bio4j.ng.bio4j-ng-module-ekb - 0.1.0.SNAPSHOT | ServiceEvent REGISTERED - [ru.bio4j.ng.service.api.BioModule] - ru.bio4j.ng.bio4j-ng-module-ekb
16:34:27,622 | INFO  | nstall-./webapps | .internal.HttpServiceFactoryImpl   35 | 64 - org.ops4j.pax.web.pax-web-runtime - 4.0.0.SNAPSHOT | Binding bundle: [bio4j-ng-client-extjs-ekb [91]] to http service
16:34:27,662 | DEBUG | pool-1-thread-1  | ient.extjs.filter.SecurityFilter   35 | 91 - bio4j-ng-client-extjs-ekb - 0.1.0.SNAPSHOT | init...
16:34:27,662 | DEBUG | pool-1-thread-1  | ient.extjs.filter.SecurityFilter   40 | 91 - bio4j-ng-client-extjs-ekb - 0.1.0.SNAPSHOT | errorPage - error.jsp.
16:34:27,663 | DEBUG | pool-1-thread-1  | ient.extjs.filter.SecurityFilter   42 | 91 - bio4j-ng-client-extjs-ekb - 0.1.0.SNAPSHOT | init - done.
16:34:27,663 | INFO  | pool-1-thread-1  | ty.server.handler.ContextHandler  735 | 26 - org.eclipse.jetty.util - 9.0.7.v20131107 | Started HttpServiceContext{httpContext=WebAppHttpContext{bio4j-ng-client-extjs-ekb - 91}}
16:34:28,546 | DEBUG | pool-6-thread-1  | j.ng.config.ConfigProviderImpl$1   39 | 75 - ru.bio4j.ng.bio4j-ng-config - 0.1.0.SNAPSHOT | Sending event...
16:34:28,546 | DEBUG | pool-6-thread-1  | j.ng.config.ConfigProviderImpl$1   41 | 75 - ru.bio4j.ng.bio4j-ng-config - 0.1.0.SNAPSHOT | Event sent.
16:34:28,547 | DEBUG | Thread-7         | ecurity.impl.SecurityHandlerImpl  133 | 80 - ru.bio4j.ng.bio4j-ng-security-handler - 0.1.0.SNAPSHOT | Config updated event recived!!!
16:34:28,547 | DEBUG | Thread-7         | .sql.impl.SQLContextProviderImpl   92 | 76 - ru.bio4j.ng.bio4j-ng-sql-context - 0.1.0.SNAPSHOT | Config updated event recived!!!
16:34:28,547 | DEBUG | Thread-7         | .sql.impl.SQLContextProviderImpl   83 | 76 - ru.bio4j.ng.bio4j-ng-sql-context - 0.1.0.SNAPSHOT | Stoping...
16:34:28,547 | DEBUG | Thread-7         | .sql.impl.SQLContextProviderImpl   85 | 76 - ru.bio4j.ng.bio4j-ng-sql-context - 0.1.0.SNAPSHOT | Stoped.
16:34:28,547 | DEBUG | Thread-7         | .sql.impl.SQLContextProviderImpl   57 | 76 - ru.bio4j.ng.bio4j-ng-sql-context - 0.1.0.SNAPSHOT | Starting...
16:34:28,548 | DEBUG | Thread-7         | .sql.impl.SQLContextProviderImpl   65 | 76 - ru.bio4j.ng.bio4j-ng-sql-context - 0.1.0.SNAPSHOT | Creating SQLContext (poolName:global.connectionPool)...
16:34:28,551 | DEBUG | Thread-7         | .ng.database.doa.impl.OraContext   71 | 87 - ru.bio4j.ng.bio4j-ng-doa - 0.1.0.SNAPSHOT | Creating SQLContext with:
	ru.bio4j.ng.database.api.SQLConnectionPoolConfig {
	 - poolName : global.connectionPool;
	 - dbDriverName : oracle.jdbc.driver.OracleDriver;
	 - dbConnectionUrl : jdbc:oracle:thin:@192.168.50.30:1521:GIVCDB;
	 - dbConnectionUsr : GIVCADMIN;
	 - dbConnectionPwd : j12;
	 - minPoolSize : 2;
	 - maxPoolSize : 10;
	 - connectionWaitTimeout : 15;
	 - initialPoolSize : 5;
	 - currentSchema : null;
	}
16:34:28,555 | DEBUG | Thread-7         | .sql.impl.SQLContextProviderImpl   78 | 76 - ru.bio4j.ng.bio4j-ng-sql-context - 0.1.0.SNAPSHOT | Started
16:34:28,555 | DEBUG | Thread-7         | ru.bio4j.ng.router.BioRouterImpl   92 | 79 - ru.bio4j.ng.bio4j-ng-router - 0.1.0.SNAPSHOT | Config updated event recived!!!
16:34:28,555 | DEBUG | Thread-7         | ru.bio4j.ng.router.BioRouterImpl   83 | 79 - ru.bio4j.ng.bio4j-ng-router - 0.1.0.SNAPSHOT | Stoping...
16:34:28,555 | DEBUG | Thread-7         | ru.bio4j.ng.router.BioRouterImpl   85 | 79 - ru.bio4j.ng.bio4j-ng-router - 0.1.0.SNAPSHOT | Stoped.
16:34:28,556 | DEBUG | Thread-7         | ru.bio4j.ng.router.BioRouterImpl   40 | 79 - ru.bio4j.ng.bio4j-ng-router - 0.1.0.SNAPSHOT | Starting...
16:34:28,556 | DEBUG | Thread-7         | ru.bio4j.ng.router.BioRouterImpl   78 | 79 - ru.bio4j.ng.bio4j-ng-router - 0.1.0.SNAPSHOT | Started
16:34:28,556 | DEBUG | Thread-7         | udhandlers.impl.DataProviderImpl  139 | 77 - ru.bio4j.ng.bio4j-ng-crudhandler - 0.1.0.SNAPSHOT | Config updated event recived!!!
16:34:28,556 | DEBUG | Thread-7         | udhandlers.impl.DataProviderImpl  130 | 77 - ru.bio4j.ng.bio4j-ng-crudhandler - 0.1.0.SNAPSHOT | Stoping...
16:34:28,556 | DEBUG | Thread-7         | udhandlers.impl.DataProviderImpl  132 | 77 - ru.bio4j.ng.bio4j-ng-crudhandler - 0.1.0.SNAPSHOT | Stoped.
16:34:28,556 | DEBUG | Thread-7         | udhandlers.impl.DataProviderImpl  122 | 77 - ru.bio4j.ng.bio4j-ng-crudhandler - 0.1.0.SNAPSHOT | Starting...
16:34:28,556 | DEBUG | Thread-7         | rs.impl.cursor.wrappers.Wrappers   45 | 77 - ru.bio4j.ng.bio4j-ng-crudhandler - 0.1.0.SNAPSHOT | Wrapper initializing for "oracle" database...
16:34:28,558 | DEBUG | Thread-7         | pl.cursor.wrappers.WrapperLoader   40 | 77 - ru.bio4j.ng.bio4j-ng-crudhandler - 0.1.0.SNAPSHOT | loaded 3 queries for cursor.wrapper
16:34:28,558 | DEBUG | Thread-7         | rs.impl.cursor.wrappers.Wrappers   48 | 77 - ru.bio4j.ng.bio4j-ng-crudhandler - 0.1.0.SNAPSHOT | Wrapper initialized.
16:34:28,558 | DEBUG | Thread-7         | udhandlers.impl.DataProviderImpl  125 | 77 - ru.bio4j.ng.bio4j-ng-crudhandler - 0.1.0.SNAPSHOT | Started
16:34:28,608 | DEBUG | pool-8-thread-1  | g.module.commons.BioModuleBase$1  115 | 89 - ru.bio4j.ng.bio4j-ng-module-commons - 0.1.0.SNAPSHOT | Sending event [bio-module-updated] for module "ekbp"...
16:34:28,608 | DEBUG | pool-8-thread-1  | g.module.commons.BioModuleBase$1  119 | 89 - ru.bio4j.ng.bio4j-ng-module-commons - 0.1.0.SNAPSHOT | Event sent.
16:35:10,929 | ERROR | qtp316308831-55  | .bio4j.ng.rapi.http.ServletLogin   33 | 81 - ru.bio4j.ng.bio4j-ng-rapi-http - 0.1.0.SNAPSHOT | Unexpected error while login (Level-0)!
ru.bio4j.ng.model.transport.BioError$Login$LoginExpired: Сеанс связи прекращен сервером!
	at ru.bio4j.ng.security.impl.SecurityHandlerImpl.__M_getUser(SecurityHandlerImpl.java:72)
	at ru.bio4j.ng.security.impl.SecurityHandlerImpl.getUser(SecurityHandlerImpl.java)
	at ru.bio4j.ng.service.types.BioServletLoginBase.doLogin(BioServletLoginBase.java:17)[84:ru.bio4j.ng.bio4j-ng-stypes:0.1.0.SNAPSHOT]
	at ru.bio4j.ng.rapi.http.ServletLogin.doPost(ServletLogin.java:30)[81:ru.bio4j.ng.bio4j-ng-rapi-http:0.1.0.SNAPSHOT]
	at javax.servlet.http.HttpServlet.service(HttpServlet.java:595)[12:org.apache.geronimo.specs.geronimo-servlet_3.0_spec:1.0]
	at javax.servlet.http.HttpServlet.service(HttpServlet.java:668)[12:org.apache.geronimo.specs.geronimo-servlet_3.0_spec:1.0]
	at org.eclipse.jetty.servlet.ServletHolder.handle(ServletHolder.java:696)[25:org.eclipse.jetty.servlet:9.0.7.v20131107]
	at org.eclipse.jetty.servlet.ServletHandler.doHandle(ServletHandler.java:521)[25:org.eclipse.jetty.servlet:9.0.7.v20131107]
	at org.ops4j.pax.web.service.jetty.internal.HttpServiceServletHandler.doHandle(HttpServiceServletHandler.java:69)[62:org.ops4j.pax.web.pax-web-jetty:4.0.0.SNAPSHOT]
	at org.eclipse.jetty.server.handler.ScopedHandler.handle(ScopedHandler.java:138)[24:org.eclipse.jetty.server:9.0.7.v20131107]
	at org.eclipse.jetty.security.SecurityHandler.handle(SecurityHandler.java:564)[23:org.eclipse.jetty.security:9.0.7.v20131107]
	at org.eclipse.jetty.server.session.SessionHandler.doHandle(SessionHandler.java:213)[24:org.eclipse.jetty.server:9.0.7.v20131107]
	at org.eclipse.jetty.server.handler.ContextHandler.doHandle(ContextHandler.java:1097)[24:org.eclipse.jetty.server:9.0.7.v20131107]
	at org.ops4j.pax.web.service.jetty.internal.HttpServiceContext.doHandle(HttpServiceContext.java:238)[62:org.ops4j.pax.web.pax-web-jetty:4.0.0.SNAPSHOT]
	at org.eclipse.jetty.servlet.ServletHandler.doScope(ServletHandler.java:448)[25:org.eclipse.jetty.servlet:9.0.7.v20131107]
	at org.eclipse.jetty.server.session.SessionHandler.doScope(SessionHandler.java:175)[24:org.eclipse.jetty.server:9.0.7.v20131107]
	at org.eclipse.jetty.server.handler.ContextHandler.doScope(ContextHandler.java:1031)[24:org.eclipse.jetty.server:9.0.7.v20131107]
	at org.eclipse.jetty.server.handler.ScopedHandler.handle(ScopedHandler.java:136)[24:org.eclipse.jetty.server:9.0.7.v20131107]
	at org.ops4j.pax.web.service.jetty.internal.JettyServerHandlerCollection.handle(JettyServerHandlerCollection.java:80)[62:org.ops4j.pax.web.pax-web-jetty:4.0.0.SNAPSHOT]
	at org.eclipse.jetty.server.handler.HandlerWrapper.handle(HandlerWrapper.java:97)[24:org.eclipse.jetty.server:9.0.7.v20131107]
	at org.eclipse.jetty.server.Server.handle(Server.java:446)[24:org.eclipse.jetty.server:9.0.7.v20131107]
	at org.eclipse.jetty.server.HttpChannel.handle(HttpChannel.java:271)[24:org.eclipse.jetty.server:9.0.7.v20131107]
	at org.eclipse.jetty.server.HttpConnection.onFillable(HttpConnection.java:246)[24:org.eclipse.jetty.server:9.0.7.v20131107]
	at org.eclipse.jetty.io.AbstractConnection$ReadCallback.run(AbstractConnection.java:358)[16:org.eclipse.jetty.io:9.0.7.v20131107]
	at org.eclipse.jetty.util.thread.QueuedThreadPool.runJob(QueuedThreadPool.java:601)[26:org.eclipse.jetty.util:9.0.7.v20131107]
	at org.eclipse.jetty.util.thread.QueuedThreadPool$3.run(QueuedThreadPool.java:532)[26:org.eclipse.jetty.util:9.0.7.v20131107]
	at java.lang.Thread.run(Thread.java:744)[:1.7.0_51]
16:35:54,050 | ERROR | qtp316308831-55  | .bio4j.ng.rapi.http.ServletLogin   33 | 81 - ru.bio4j.ng.bio4j-ng-rapi-http - 0.1.0.SNAPSHOT | Unexpected error while login (Level-0)!
ru.bio4j.ng.model.transport.BioError$Login$LoginExpired: Сеанс связи прекращен сервером!
	at ru.bio4j.ng.security.impl.SecurityHandlerImpl.__M_getUser(SecurityHandlerImpl.java:72)
	at ru.bio4j.ng.security.impl.SecurityHandlerImpl.getUser(SecurityHandlerImpl.java)
	at ru.bio4j.ng.service.types.BioServletLoginBase.doLogin(BioServletLoginBase.java:17)[84:ru.bio4j.ng.bio4j-ng-stypes:0.1.0.SNAPSHOT]
	at ru.bio4j.ng.rapi.http.ServletLogin.doPost(ServletLogin.java:30)[81:ru.bio4j.ng.bio4j-ng-rapi-http:0.1.0.SNAPSHOT]
	at javax.servlet.http.HttpServlet.service(HttpServlet.java:595)[12:org.apache.geronimo.specs.geronimo-servlet_3.0_spec:1.0]
	at javax.servlet.http.HttpServlet.service(HttpServlet.java:668)[12:org.apache.geronimo.specs.geronimo-servlet_3.0_spec:1.0]
	at org.eclipse.jetty.servlet.ServletHolder.handle(ServletHolder.java:696)[25:org.eclipse.jetty.servlet:9.0.7.v20131107]
	at org.eclipse.jetty.servlet.ServletHandler.doHandle(ServletHandler.java:521)[25:org.eclipse.jetty.servlet:9.0.7.v20131107]
	at org.ops4j.pax.web.service.jetty.internal.HttpServiceServletHandler.doHandle(HttpServiceServletHandler.java:69)[62:org.ops4j.pax.web.pax-web-jetty:4.0.0.SNAPSHOT]
	at org.eclipse.jetty.server.handler.ScopedHandler.handle(ScopedHandler.java:138)[24:org.eclipse.jetty.server:9.0.7.v20131107]
	at org.eclipse.jetty.security.SecurityHandler.handle(SecurityHandler.java:564)[23:org.eclipse.jetty.security:9.0.7.v20131107]
	at org.eclipse.jetty.server.session.SessionHandler.doHandle(SessionHandler.java:213)[24:org.eclipse.jetty.server:9.0.7.v20131107]
	at org.eclipse.jetty.server.handler.ContextHandler.doHandle(ContextHandler.java:1097)[24:org.eclipse.jetty.server:9.0.7.v20131107]
	at org.ops4j.pax.web.service.jetty.internal.HttpServiceContext.doHandle(HttpServiceContext.java:238)[62:org.ops4j.pax.web.pax-web-jetty:4.0.0.SNAPSHOT]
	at org.eclipse.jetty.servlet.ServletHandler.doScope(ServletHandler.java:448)[25:org.eclipse.jetty.servlet:9.0.7.v20131107]
	at org.eclipse.jetty.server.session.SessionHandler.doScope(SessionHandler.java:175)[24:org.eclipse.jetty.server:9.0.7.v20131107]
	at org.eclipse.jetty.server.handler.ContextHandler.doScope(ContextHandler.java:1031)[24:org.eclipse.jetty.server:9.0.7.v20131107]
	at org.eclipse.jetty.server.handler.ScopedHandler.handle(ScopedHandler.java:136)[24:org.eclipse.jetty.server:9.0.7.v20131107]
	at org.ops4j.pax.web.service.jetty.internal.JettyServerHandlerCollection.handle(JettyServerHandlerCollection.java:80)[62:org.ops4j.pax.web.pax-web-jetty:4.0.0.SNAPSHOT]
	at org.eclipse.jetty.server.handler.HandlerWrapper.handle(HandlerWrapper.java:97)[24:org.eclipse.jetty.server:9.0.7.v20131107]
	at org.eclipse.jetty.server.Server.handle(Server.java:446)[24:org.eclipse.jetty.server:9.0.7.v20131107]
	at org.eclipse.jetty.server.HttpChannel.handle(HttpChannel.java:271)[24:org.eclipse.jetty.server:9.0.7.v20131107]
	at org.eclipse.jetty.server.HttpConnection.onFillable(HttpConnection.java:246)[24:org.eclipse.jetty.server:9.0.7.v20131107]
	at org.eclipse.jetty.io.AbstractConnection$ReadCallback.run(AbstractConnection.java:358)[16:org.eclipse.jetty.io:9.0.7.v20131107]
	at org.eclipse.jetty.util.thread.QueuedThreadPool.runJob(QueuedThreadPool.java:601)[26:org.eclipse.jetty.util:9.0.7.v20131107]
	at org.eclipse.jetty.util.thread.QueuedThreadPool$3.run(QueuedThreadPool.java:532)[26:org.eclipse.jetty.util:9.0.7.v20131107]
	at java.lang.Thread.run(Thread.java:744)[:1.7.0_51]
16:36:04,651 | DEBUG | qtp316308831-55  | g.module.commons.BioModuleHelper   13 | 89 - ru.bio4j.ng.bio4j-ng-module-commons - 0.1.0.SNAPSHOT | Looking for module of type:ru.bio4j.ng.service.api.BioModule by key:bio
16:36:04,652 | DEBUG | qtp316308831-55  | g.module.commons.BioModuleHelper   19 | 89 - ru.bio4j.ng.bio4j-ng-module-commons - 0.1.0.SNAPSHOT | Module Bio inner application module found!!!
16:36:04,653 | DEBUG | qtp316308831-55  | .ng.module.commons.BioModuleBase   55 | 89 - ru.bio4j.ng.bio4j-ng-module-commons - 0.1.0.SNAPSHOT | Loading cursor spec from "/get-user.sql"
16:36:04,658 | WARN  | qtp316308831-55  | apache.juli.logging.DirectJDKLog  180 | 87 - ru.bio4j.ng.bio4j-ng-doa - 0.1.0.SNAPSHOT | maxIdle is larger than maxActive, setting maxIdle to: 10
16:36:05,739 | DEBUG | qtp316308831-55  | urity.impl.SecurityHandlerImpl$1   84 | 80 - ru.bio4j.ng.bio4j-ng-security-handler - 0.1.0.SNAPSHOT | User root/root logging in...
16:36:05,867 | DEBUG | qtp316308831-55  | urity.impl.SecurityHandlerImpl$1   89 | 80 - ru.bio4j.ng.bio4j-ng-security-handler - 0.1.0.SNAPSHOT | User found!
16:36:05,868 | DEBUG | qtp316308831-55  | urity.impl.SecurityHandlerImpl$1   98 | 80 - ru.bio4j.ng.bio4j-ng-security-handler - 0.1.0.SNAPSHOT | User found:   User {
   - uid : test-user-uid;
   - login : root;
   - fio : Test User FIO;
   - roles : *;
   - grants : *;
  }
16:36:08,502 | DEBUG | qtp316308831-69  | ecurity.impl.SecurityHandlerImpl   69 | 80 - ru.bio4j.ng.bio4j-ng-security-handler - 0.1.0.SNAPSHOT | User with uid "test-user-uid" alredy logged in as "root".
16:36:08,503 | DEBUG | qtp316308831-69  | .service.types.BioServletApiBase   47 | 84 - ru.bio4j.ng.bio4j-ng-stypes - 0.1.0.SNAPSHOT | Recived-POST: "crud.dt.gt" - request...
16:36:08,534 | DEBUG | qtp316308831-69  | .bio4j.ng.router.BioRouterImpl$3   66 | 79 - ru.bio4j.ng.bio4j-ng-router - 0.1.0.SNAPSHOT | Processing CRUD_DATA_GET request...
16:36:08,534 | DEBUG | qtp316308831-69  | .bio4j.ng.router.BioRouterImpl$3   69 | 79 - ru.bio4j.ng.bio4j-ng-router - 0.1.0.SNAPSHOT | BioRequestJStoreGet object restored.
16:36:08,534 | DEBUG | qtp316308831-69  | udhandlers.impl.DataProviderImpl   89 | 77 - ru.bio4j.ng.bio4j-ng-crudhandler - 0.1.0.SNAPSHOT | GetData...
16:36:08,535 | DEBUG | qtp316308831-69  | udhandlers.impl.DataProviderImpl   80 | 77 - ru.bio4j.ng.bio4j-ng-crudhandler - 0.1.0.SNAPSHOT | Now processing request to module "ekbp"...
16:36:08,535 | DEBUG | qtp316308831-69  | g.module.commons.BioModuleHelper   13 | 89 - ru.bio4j.ng.bio4j-ng-module-commons - 0.1.0.SNAPSHOT | Looking for module of type:ru.bio4j.ng.service.api.BioModule by key:ekbp
16:36:08,535 | DEBUG | qtp316308831-69  | g.module.commons.BioModuleHelper   19 | 89 - ru.bio4j.ng.bio4j-ng-module-commons - 0.1.0.SNAPSHOT | Module E-Kinobilet application found!!!
16:36:10,010 | DEBUG | qtp316308831-69  | .ng.module.commons.BioModuleBase   48 | 89 - ru.bio4j.ng.bio4j-ng-module-commons - 0.1.0.SNAPSHOT | Loading cursor spec from "/cabinet/film-registry.xml"
16:36:10,017 | DEBUG | qtp316308831-69  | j.ng.module.commons.CursorParser  252 | 89 - ru.bio4j.ng.bio4j-ng-module-commons - 0.1.0.SNAPSHOT | BioCursor parsed: 
  Cursor {
   - bioCode : ekbp@cabinet.film-registry;
   - type : SELECT;
   - wrapMode : 7;
   - sql : 
            
select * from (
  SELECT a.pureg_id, a.film_id, a.prnt_film_id, a.film_name, a.film_name_orig,
       a.hide_sess, a.cre_date,
       a.pu_verified,
       (case when a.pu_verified > 0 then 1 else 0 end) is_verified,
       decode(a.pu_verified, 0, 'новый', 1, 'автомат', 2, 'ручн', 'ошиб') as pu_verified_state,
       a.pu_num, a.pu_num_found,
       a.pu_vrfd_date, a.pu_vrfd_usr, a.org_id, a.prnt_org_id,
       a.org_name, a.prnt_org_name, a.genre
 FROM nsi$filmpus a WHERE rownum < 101) b
WHERE (:SYS_CURUSERROLES in ('*', '1','2','5','6','7','8')) and
  (
    ((:seld_from is null) or (b.cre_date >= trunc(to_date(:seld_from)))) and
    ((:seld_to is null) or (b.cre_date < trunc(to_date(:seld_to)+1)))
  )
  and(
    (:filmname is null) or
    (
      (upper(b.film_name) like '%'||upper(:filmname)||'%') or
      (upper(b.film_name_orig) like '%'||upper(:filmname)||'%')
    )

  )
  and((:holding is null)   or ((b.prnt_org_id = nvl(to_number(regexp_substr(:holding, '^\d+$')), 0)) or
                              (upper(b.prnt_org_name) like '%'||upper(:holding)||'%')))
  and((:org is null)       or ((b.org_id = nvl(to_number(regexp_substr(:org, '^\d+$')), 0)) or
                              (upper(b.org_name) like '%'||upper(:org)||'%')))
            ;
   - preparedSql : 
            
select * from (
  SELECT a.pureg_id, a.film_id, a.prnt_film_id, a.film_name, a.film_name_orig,
       a.hide_sess, a.cre_date,
       a.pu_verified,
       (case when a.pu_verified > 0 then 1 else 0 end) is_verified,
       decode(a.pu_verified, 0, 'новый', 1, 'автомат', 2, 'ручн', 'ошиб') as pu_verified_state,
       a.pu_num, a.pu_num_found,
       a.pu_vrfd_date, a.pu_vrfd_usr, a.org_id, a.prnt_org_id,
       a.org_name, a.prnt_org_name, a.genre
 FROM nsi$filmpus a WHERE rownum < 101) b
WHERE (:SYS_CURUSERROLES in ('*', '1','2','5','6','7','8')) and
  (
    ((:seld_from is null) or (b.cre_date >= trunc(to_date(:seld_from)))) and
    ((:seld_to is null) or (b.cre_date < trunc(to_date(:seld_to)+1)))
  )
  and(
    (:filmname is null) or
    (
      (upper(b.film_name) like '%'||upper(:filmname)||'%') or
      (upper(b.film_name_orig) like '%'||upper(:filmname)||'%')
    )

  )
  and((:holding is null)   or ((b.prnt_org_id = nvl(to_number(regexp_substr(:holding, '^\d+$')), 0)) or
                              (upper(b.prnt_org_name) like '%'||upper(:holding)||'%')))
  and((:org is null)       or ((b.org_id = nvl(to_number(regexp_substr(:org, '^\d+$')), 0)) or
                              (upper(b.org_name) like '%'||upper(:org)||'%')))
            ;
   - metadata : ru.bio4j.ng.model.transport.jstore.StoreMetadata@6c433cf3;
   - params : [(seld_from=[null(null)]; tp:null; sz:0; dr:IN), (seld_to=[null(null)]; tp:null; sz:0; dr:IN), (filmname=[null(null)]; tp:null; sz:0; dr:IN), (holding=[null(null)]; tp:null; sz:0; dr:IN), (org=[null(null)]; tp:null; sz:0; dr:IN)];
   - filter : null;
   - sort : null;
   - offset : 0;
   - pageSize : 0;
   - readonly : false;
   - multySelection : false;
  }
16:36:10,018 | DEBUG | qtp316308831-69  | udhandlers.impl.DataProviderImpl   38 | 77 - ru.bio4j.ng.bio4j-ng-crudhandler - 0.1.0.SNAPSHOT | Try exec batch!!!
16:36:10,018 | DEBUG | qtp316308831-69  | .sql.impl.SQLContextProviderImpl   41 | 76 - ru.bio4j.ng.bio4j-ng-sql-context - 0.1.0.SNAPSHOT | About selecting sqlContext...
16:36:10,018 | DEBUG | qtp316308831-69  | io4j.ng.service.api.Configurator   27 | 85 - ru.bio4j.ng.bio4j-ng-sapi - 0.1.0.SNAPSHOT | About updating config to class ru.bio4j.ng.database.api.SQLContextConfig...
16:36:10,018 | DEBUG | qtp316308831-69  | io4j.ng.service.api.Configurator   31 | 85 - ru.bio4j.ng.bio4j-ng-sapi - 0.1.0.SNAPSHOT | Bean instance is null creating new class ru.bio4j.ng.database.api.SQLContextConfig...
16:36:10,019 | DEBUG | qtp316308831-69  | io4j.ng.service.api.Configurator   33 | 85 - ru.bio4j.ng.bio4j-ng-sapi - 0.1.0.SNAPSHOT | New bean instance of class ru.bio4j.ng.database.api.SQLContextConfig is created.
16:36:10,019 | DEBUG | qtp316308831-69  | io4j.ng.service.api.Configurator   40 | 85 - ru.bio4j.ng.bio4j-ng-sapi - 0.1.0.SNAPSHOT | Config dictionary is not empty...
16:36:10,019 | DEBUG | qtp316308831-69  | io4j.ng.service.api.Configurator   46 | 85 - ru.bio4j.ng.bio4j-ng-sapi - 0.1.0.SNAPSHOT | Apling config dictionary to class ru.bio4j.ng.database.api.SQLContextConfig done.
16:36:10,020 | DEBUG | qtp316308831-69  | .ng.database.doa.impl.OraContext   71 | 87 - ru.bio4j.ng.bio4j-ng-doa - 0.1.0.SNAPSHOT | Creating SQLContext with:
	ru.bio4j.ng.database.api.SQLConnectionPoolConfig {
	 - poolName : ekb.connectionPool;
	 - dbDriverName : oracle.jdbc.driver.OracleDriver;
	 - dbConnectionUrl : jdbc:oracle:thin:@192.168.50.30:1521:GIVCDB;
	 - dbConnectionUsr : GIVCADMIN;
	 - dbConnectionPwd : j12;
	 - minPoolSize : 2;
	 - maxPoolSize : 10;
	 - connectionWaitTimeout : 15;
	 - initialPoolSize : 5;
	 - currentSchema : null;
	}
16:36:10,020 | DEBUG | qtp316308831-69  | .sql.impl.SQLContextProviderImpl   47 | 76 - ru.bio4j.ng.bio4j-ng-sql-context - 0.1.0.SNAPSHOT | Local sqlContext defined and will be used.
16:36:10,021 | WARN  | qtp316308831-69  | apache.juli.logging.DirectJDKLog  180 | 87 - ru.bio4j.ng.bio4j-ng-doa - 0.1.0.SNAPSHOT | maxIdle is larger than maxActive, setting maxIdle to: 10
16:36:11,035 | DEBUG | qtp316308831-69  | handlers.impl.DataProviderImpl$1   45 | 77 - ru.bio4j.ng.bio4j-ng-crudhandler - 0.1.0.SNAPSHOT | Try open Cursor!!!
16:36:11,049 | DEBUG | qtp316308831-69  | handlers.impl.DataProviderImpl$1   48 | 77 - ru.bio4j.ng.bio4j-ng-crudhandler - 0.1.0.SNAPSHOT | Cursor opened!!!
16:36:11,055 | DEBUG | qtp316308831-69  | udhandlers.impl.DataProviderImpl   93 | 77 - ru.bio4j.ng.bio4j-ng-crudhandler - 0.1.0.SNAPSHOT | GetData - returning response...
16:38:02,314 | DEBUG | qtp316308831-55  | ecurity.impl.SecurityHandlerImpl   69 | 80 - ru.bio4j.ng.bio4j-ng-security-handler - 0.1.0.SNAPSHOT | User with uid "test-user-uid" alredy logged in as "root".
16:38:02,317 | DEBUG | qtp316308831-81  | ecurity.impl.SecurityHandlerImpl   69 | 80 - ru.bio4j.ng.bio4j-ng-security-handler - 0.1.0.SNAPSHOT | User with uid "test-user-uid" alredy logged in as "root".
16:38:02,317 | DEBUG | qtp316308831-81  | .service.types.BioServletApiBase   47 | 84 - ru.bio4j.ng.bio4j-ng-stypes - 0.1.0.SNAPSHOT | Recived-POST: "crud.dt.gt" - request...
16:38:02,319 | DEBUG | qtp316308831-81  | .bio4j.ng.router.BioRouterImpl$3   66 | 79 - ru.bio4j.ng.bio4j-ng-router - 0.1.0.SNAPSHOT | Processing CRUD_DATA_GET request...
16:38:02,319 | DEBUG | qtp316308831-81  | .bio4j.ng.router.BioRouterImpl$3   69 | 79 - ru.bio4j.ng.bio4j-ng-router - 0.1.0.SNAPSHOT | BioRequestJStoreGet object restored.
16:38:02,319 | DEBUG | qtp316308831-81  | udhandlers.impl.DataProviderImpl   89 | 77 - ru.bio4j.ng.bio4j-ng-crudhandler - 0.1.0.SNAPSHOT | GetData...
16:38:02,319 | DEBUG | qtp316308831-81  | udhandlers.impl.DataProviderImpl   80 | 77 - ru.bio4j.ng.bio4j-ng-crudhandler - 0.1.0.SNAPSHOT | Now processing request to module "ekbp"...
16:38:07,188 | DEBUG | qtp316308831-81  | .ng.module.commons.BioModuleBase   48 | 89 - ru.bio4j.ng.bio4j-ng-module-commons - 0.1.0.SNAPSHOT | Loading cursor spec from "/cabinet/film-registry.xml"
16:38:07,213 | DEBUG | qtp316308831-81  | j.ng.module.commons.CursorParser  252 | 89 - ru.bio4j.ng.bio4j-ng-module-commons - 0.1.0.SNAPSHOT | BioCursor parsed: 
  Cursor {
   - bioCode : ekbp@cabinet.film-registry;
   - type : SELECT;
   - wrapMode : 7;
   - sql : 
            
select * from (
  SELECT a.pureg_id, a.film_id, a.prnt_film_id, a.film_name, a.film_name_orig,
       a.hide_sess, a.cre_date,
       a.pu_verified,
       (case when a.pu_verified > 0 then 1 else 0 end) is_verified,
       decode(a.pu_verified, 0, 'новый', 1, 'автомат', 2, 'ручн', 'ошиб') as pu_verified_state,
       a.pu_num, a.pu_num_found,
       a.pu_vrfd_date, a.pu_vrfd_usr, a.org_id, a.prnt_org_id,
       a.org_name, a.prnt_org_name, a.genre
 FROM nsi$filmpus a WHERE rownum < 101) b
WHERE (:SYS_CURUSERROLES in ('*', '1','2','5','6','7','8')) and
  (
    ((:seld_from is null) or (b.cre_date >= trunc(to_date(:seld_from)))) and
    ((:seld_to is null) or (b.cre_date < trunc(to_date(:seld_to)+1)))
  )
  and(
    (:filmname is null) or
    (
      (upper(b.film_name) like '%'||upper(:filmname)||'%') or
      (upper(b.film_name_orig) like '%'||upper(:filmname)||'%')
    )

  )
  and((:holding is null)   or ((b.prnt_org_id = nvl(to_number(regexp_substr(:holding, '^\d+$')), 0)) or
                              (upper(b.prnt_org_name) like '%'||upper(:holding)||'%')))
  and((:org is null)       or ((b.org_id = nvl(to_number(regexp_substr(:org, '^\d+$')), 0)) or
                              (upper(b.org_name) like '%'||upper(:org)||'%')))
            ;
   - preparedSql : 
            
select * from (
  SELECT a.pureg_id, a.film_id, a.prnt_film_id, a.film_name, a.film_name_orig,
       a.hide_sess, a.cre_date,
       a.pu_verified,
       (case when a.pu_verified > 0 then 1 else 0 end) is_verified,
       decode(a.pu_verified, 0, 'новый', 1, 'автомат', 2, 'ручн', 'ошиб') as pu_verified_state,
       a.pu_num, a.pu_num_found,
       a.pu_vrfd_date, a.pu_vrfd_usr, a.org_id, a.prnt_org_id,
       a.org_name, a.prnt_org_name, a.genre
 FROM nsi$filmpus a WHERE rownum < 101) b
WHERE (:SYS_CURUSERROLES in ('*', '1','2','5','6','7','8')) and
  (
    ((:seld_from is null) or (b.cre_date >= trunc(to_date(:seld_from)))) and
    ((:seld_to is null) or (b.cre_date < trunc(to_date(:seld_to)+1)))
  )
  and(
    (:filmname is null) or
    (
      (upper(b.film_name) like '%'||upper(:filmname)||'%') or
      (upper(b.film_name_orig) like '%'||upper(:filmname)||'%')
    )

  )
  and((:holding is null)   or ((b.prnt_org_id = nvl(to_number(regexp_substr(:holding, '^\d+$')), 0)) or
                              (upper(b.prnt_org_name) like '%'||upper(:holding)||'%')))
  and((:org is null)       or ((b.org_id = nvl(to_number(regexp_substr(:org, '^\d+$')), 0)) or
                              (upper(b.org_name) like '%'||upper(:org)||'%')))
            ;
   - metadata : ru.bio4j.ng.model.transport.jstore.StoreMetadata@6b3cb77f;
   - params : [(seld_from=[null(null)]; tp:null; sz:0; dr:IN), (seld_to=[null(null)]; tp:null; sz:0; dr:IN), (filmname=[null(null)]; tp:null; sz:0; dr:IN), (holding=[null(null)]; tp:null; sz:0; dr:IN), (org=[null(null)]; tp:null; sz:0; dr:IN)];
   - filter : null;
   - sort : null;
   - offset : 0;
   - pageSize : 0;
   - readonly : false;
   - multySelection : false;
  }
16:43:41,907 | DEBUG | qtp316308831-81  | udhandlers.impl.DataProviderImpl   38 | 77 - ru.bio4j.ng.bio4j-ng-crudhandler - 0.1.0.SNAPSHOT | Try exec batch!!!
16:43:53,396 | DEBUG | qtp316308831-81  | .sql.impl.SQLContextProviderImpl   41 | 76 - ru.bio4j.ng.bio4j-ng-sql-context - 0.1.0.SNAPSHOT | About selecting sqlContext...
16:43:53,397 | DEBUG | qtp316308831-81  | .sql.impl.SQLContextProviderImpl   47 | 76 - ru.bio4j.ng.bio4j-ng-sql-context - 0.1.0.SNAPSHOT | Local sqlContext defined and will be used.
16:47:37,554 | DEBUG | qtp316308831-81  | handlers.impl.DataProviderImpl$1   45 | 77 - ru.bio4j.ng.bio4j-ng-crudhandler - 0.1.0.SNAPSHOT | Try open Cursor!!!
15:45:49,869 | DEBUG | qtp316308831-81  | handlers.impl.DataProviderImpl$1   48 | 77 - ru.bio4j.ng.bio4j-ng-crudhandler - 0.1.0.SNAPSHOT | Cursor opened!!!
15:45:49,881 | DEBUG | qtp316308831-81  | udhandlers.impl.DataProviderImpl   93 | 77 - ru.bio4j.ng.bio4j-ng-crudhandler - 0.1.0.SNAPSHOT | GetData - returning response...
15:45:49,882 | ERROR | qtp316308831-81  | ru.bio4j.ng.rapi.http.ServletApi   33 | 84 - ru.bio4j.ng.bio4j-ng-stypes - 0.1.0.SNAPSHOT | Unexpected server error (Level-0)!
java.sql.SQLRecoverableException: Ошибка ввода/вывода: Connection reset by peer: socket write error
	at oracle.jdbc.driver.T4CConnection.doCommit(T4CConnection.java:878)
	at oracle.jdbc.driver.PhysicalConnection.commit(PhysicalConnection.java:4480)
	at oracle.jdbc.driver.PhysicalConnection.commit(PhysicalConnection.java:4486)
	at sun.reflect.NativeMethodAccessorImpl.invoke0(Native Method)
	at sun.reflect.NativeMethodAccessorImpl.invoke(NativeMethodAccessorImpl.java:57)
	at sun.reflect.DelegatingMethodAccessorImpl.invoke(DelegatingMethodAccessorImpl.java:43)
	at java.lang.reflect.Method.invoke(Method.java:606)[:1.7.0_51]
	at org.apache.tomcat.jdbc.pool.ProxyConnection.invoke(ProxyConnection.java:126)
	at org.apache.tomcat.jdbc.pool.JdbcInterceptor.invoke(JdbcInterceptor.java:108)
	at org.apache.tomcat.jdbc.pool.DisposableConnectionFacade.invoke(DisposableConnectionFacade.java:81)
	at com.sun.proxy.$Proxy10.commit(Unknown Source)
	at ru.bio4j.ng.database.doa.impl.OraContext.execBatch(OraContext.java:124)
	at ru.bio4j.ng.database.doa.impl.OraContext.execBatch(OraContext.java:137)
	at ru.bio4j.ng.crudhandlers.impl.DataProviderImpl.__M_processCursorAsSelectable(DataProviderImpl.java:40)
	at ru.bio4j.ng.crudhandlers.impl.DataProviderImpl.processCursorAsSelectable(DataProviderImpl.java)
	at ru.bio4j.ng.crudhandlers.impl.DataProviderImpl.__M_processCursor(DataProviderImpl.java:66)
	at ru.bio4j.ng.crudhandlers.impl.DataProviderImpl.processCursor(DataProviderImpl.java)
	at ru.bio4j.ng.crudhandlers.impl.DataProviderImpl.__M_processRequest(DataProviderImpl.java:84)
	at ru.bio4j.ng.crudhandlers.impl.DataProviderImpl.processRequest(DataProviderImpl.java)
	at ru.bio4j.ng.crudhandlers.impl.DataProviderImpl.__M_getData(DataProviderImpl.java:91)
	at ru.bio4j.ng.crudhandlers.impl.DataProviderImpl.getData(DataProviderImpl.java)
	at ru.bio4j.ng.service.api.DataProvider$$Proxy.getData(Unknown Source)
	at ru.bio4j.ng.router.BioRouterImpl$3.__M_handle(BioRouterImpl.java:71)
	at ru.bio4j.ng.router.BioRouterImpl$3.handle(BioRouterImpl.java)
	at ru.bio4j.ng.router.BioRouterImpl$3.__M_handle(BioRouterImpl.java:63)
	at ru.bio4j.ng.router.BioRouterImpl$3.handle(BioRouterImpl.java)
	at ru.bio4j.ng.router.BioRouterImpl.__M_route(BioRouterImpl.java:100)
	at ru.bio4j.ng.router.BioRouterImpl.route(BioRouterImpl.java)
	at ru.bio4j.ng.service.types.BioServletApiBase.doRoute(BioServletApiBase.java:63)[84:ru.bio4j.ng.bio4j-ng-stypes:0.1.0.SNAPSHOT]
	at ru.bio4j.ng.rapi.http.ServletApi.doPost(ServletApi.java:31)[81:ru.bio4j.ng.bio4j-ng-rapi-http:0.1.0.SNAPSHOT]
	at javax.servlet.http.HttpServlet.service(HttpServlet.java:595)[12:org.apache.geronimo.specs.geronimo-servlet_3.0_spec:1.0]
	at javax.servlet.http.HttpServlet.service(HttpServlet.java:668)[12:org.apache.geronimo.specs.geronimo-servlet_3.0_spec:1.0]
	at org.eclipse.jetty.servlet.ServletHolder.handle(ServletHolder.java:696)[25:org.eclipse.jetty.servlet:9.0.7.v20131107]
	at org.eclipse.jetty.servlet.ServletHandler.doHandle(ServletHandler.java:521)[25:org.eclipse.jetty.servlet:9.0.7.v20131107]
	at org.ops4j.pax.web.service.jetty.internal.HttpServiceServletHandler.doHandle(HttpServiceServletHandler.java:69)[62:org.ops4j.pax.web.pax-web-jetty:4.0.0.SNAPSHOT]
	at org.eclipse.jetty.server.handler.ScopedHandler.handle(ScopedHandler.java:138)[24:org.eclipse.jetty.server:9.0.7.v20131107]
	at org.eclipse.jetty.security.SecurityHandler.handle(SecurityHandler.java:564)[23:org.eclipse.jetty.security:9.0.7.v20131107]
	at org.eclipse.jetty.server.session.SessionHandler.doHandle(SessionHandler.java:213)[24:org.eclipse.jetty.server:9.0.7.v20131107]
	at org.eclipse.jetty.server.handler.ContextHandler.doHandle(ContextHandler.java:1097)[24:org.eclipse.jetty.server:9.0.7.v20131107]
	at org.ops4j.pax.web.service.jetty.internal.HttpServiceContext.doHandle(HttpServiceContext.java:238)[62:org.ops4j.pax.web.pax-web-jetty:4.0.0.SNAPSHOT]
	at org.eclipse.jetty.servlet.ServletHandler.doScope(ServletHandler.java:448)[25:org.eclipse.jetty.servlet:9.0.7.v20131107]
	at org.eclipse.jetty.server.session.SessionHandler.doScope(SessionHandler.java:175)[24:org.eclipse.jetty.server:9.0.7.v20131107]
	at org.eclipse.jetty.server.handler.ContextHandler.doScope(ContextHandler.java:1031)[24:org.eclipse.jetty.server:9.0.7.v20131107]
	at org.eclipse.jetty.server.handler.ScopedHandler.handle(ScopedHandler.java:136)[24:org.eclipse.jetty.server:9.0.7.v20131107]
	at org.ops4j.pax.web.service.jetty.internal.JettyServerHandlerCollection.handle(JettyServerHandlerCollection.java:80)[62:org.ops4j.pax.web.pax-web-jetty:4.0.0.SNAPSHOT]
	at org.eclipse.jetty.server.handler.HandlerWrapper.handle(HandlerWrapper.java:97)[24:org.eclipse.jetty.server:9.0.7.v20131107]
	at org.eclipse.jetty.server.Server.handle(Server.java:446)[24:org.eclipse.jetty.server:9.0.7.v20131107]
	at org.eclipse.jetty.server.HttpChannel.handle(HttpChannel.java:271)[24:org.eclipse.jetty.server:9.0.7.v20131107]
	at org.eclipse.jetty.server.HttpConnection.onFillable(HttpConnection.java:246)[24:org.eclipse.jetty.server:9.0.7.v20131107]
	at org.eclipse.jetty.io.AbstractConnection$ReadCallback.run(AbstractConnection.java:358)[16:org.eclipse.jetty.io:9.0.7.v20131107]
	at org.eclipse.jetty.util.thread.QueuedThreadPool.runJob(QueuedThreadPool.java:601)[26:org.eclipse.jetty.util:9.0.7.v20131107]
	at org.eclipse.jetty.util.thread.QueuedThreadPool$3.run(QueuedThreadPool.java:532)[26:org.eclipse.jetty.util:9.0.7.v20131107]
	at java.lang.Thread.run(Thread.java:744)[:1.7.0_51]
Caused by: java.net.SocketException: Connection reset by peer: socket write error
	at java.net.SocketOutputStream.socketWrite0(Native Method)[:1.7.0_51]
	at java.net.SocketOutputStream.socketWrite(SocketOutputStream.java:113)[:1.7.0_51]
	at java.net.SocketOutputStream.write(SocketOutputStream.java:159)[:1.7.0_51]
	at oracle.net.ns.DataPacket.send(DataPacket.java:209)
	at oracle.net.ns.NetOutputStream.flush(NetOutputStream.java:215)
	at oracle.net.ns.NetInputStream.getNextPacket(NetInputStream.java:302)
	at oracle.net.ns.NetInputStream.read(NetInputStream.java:249)
	at oracle.net.ns.NetInputStream.read(NetInputStream.java:171)
	at oracle.net.ns.NetInputStream.read(NetInputStream.java:89)
	at oracle.jdbc.driver.T4CSocketInputStreamWrapper.readNextPacket(T4CSocketInputStreamWrapper.java:123)
	at oracle.jdbc.driver.T4CSocketInputStreamWrapper.read(T4CSocketInputStreamWrapper.java:79)
	at oracle.jdbc.driver.T4CMAREngineStream.unmarshalUB1(T4CMAREngineStream.java:426)
	at oracle.jdbc.driver.T4CTTIfun.receive(T4CTTIfun.java:390)
	at oracle.jdbc.driver.T4CTTIfun.doRPC(T4CTTIfun.java:249)
	at oracle.jdbc.driver.T4C7Ocommoncall.doOCOMMIT(T4C7Ocommoncall.java:73)
	at oracle.jdbc.driver.T4CConnection.doCommit(T4CConnection.java:823)
	... 52 more
